   0.0000000000000000        1.1317891328392818E-010   1.6886283682669341E-018   1.1317891497255656E-010
  0.19999999552965164        2.6837278574216151E-011   1.6889120294499144E-018   2.6837280263128180E-011
  0.39999999105930328        1.0103999500103678E-011   1.6891051104893912E-018   1.0104001189208788E-011
  0.59999998658895493        3.5959899180084287E-011   1.6889979944009660E-018   3.5959900869082278E-011
  0.79999998211860657        6.7310122872507025E-011   1.6892031972318431E-018   6.7310124561710222E-011
  0.99999997764825821        1.1559243664518580E-010   1.6887478667066114E-018   1.1559243833393368E-010
   1.1999999731779099        4.6188910826080393E-011   1.6890838813485818E-018   4.6188912515164276E-011
   1.3999999687075615        3.0142694908000200E-011   1.6892523357625896E-018   3.0142696597252537E-011
   1.5999999642372131        5.9864674821933971E-011   1.6888999682252169E-018   5.9864676510833942E-011
   1.7999999597668648        4.7805323278778041E-011   1.6889550075871648E-018   4.7805324967733051E-011
   1.9999999552965164        8.4630420225357641E-012   1.6891337268266798E-018   8.4630437116694909E-012
   2.1999999508261681        1.1261309681096866E-010   1.6885786705960960E-018   1.1261309849954734E-010
   2.3999999463558197        2.2145451229349021E-011   1.6891200569006199E-018   2.2145452918469077E-011
   2.5999999418854713        4.3029196604601432E-011   1.6895811648979112E-018   4.3029198294182599E-011
   2.7999999374151230        4.0475013031165357E-011   1.6892533507033555E-018   4.0475014720418708E-011
   2.9999999329447746        2.5545547838548630E-011   1.6892776760528709E-018   2.5545549527826305E-011
   3.1999999284744263        3.9902405129349901E-011   1.6892029136320051E-018   3.9902406818552814E-011
   3.3999999240040779        2.0280327582311097E-011   1.6892531130716446E-018   2.0280329271564209E-011
   3.5999999195337296        6.6826665137086676E-011   1.6891252627516096E-018   6.6826666826211937E-011
   3.7999999150633812        5.0609008194664022E-011   1.6884637803215990E-018   5.0609009883127804E-011
   3.9999999105930328        6.8986832143544535E-011   1.6889196636340123E-018   6.8986833832464203E-011
   4.1999999061226845        3.4445464699398689E-011   1.6890986710153735E-018   3.4445466388497357E-011
   4.3999999016523361        1.0615390514280339E-010   1.6883802066252579E-018   1.0615390683118359E-010
   4.5999998971819878        5.7374512545968794E-011   1.6894588034330022E-018   5.7374514235427596E-011
   4.7999998927116394        2.8037426982757584E-011   1.6889285122416056E-018   2.8037428671686095E-011
   4.9999998882412910        2.8790584413423949E-011   1.6889325774456325E-018   2.8790586102356525E-011
   5.1999998837709427        3.4038426011248062E-011   1.6889671570425973E-018   3.4038427700215222E-011
   5.3999998793005943        3.4923298688156184E-011   1.6890736419545349E-018   3.4923300377229824E-011
   5.5999998748302460        1.0564652593804066E-011   1.6891108621350543E-018   1.0564654282914929E-011
   5.7999998703598976        7.1478587313250649E-011   1.6891704808334578E-018   7.1478589002421133E-011
   5.9999998658895493        9.6760018071080736E-011   1.6883322290467613E-018   9.6760019759412964E-011
   6.1999998614192009        2.3478799097130314E-011   1.6892034774509276E-018   2.3478800786333792E-011
   6.3999998569488525        8.2639864723465060E-011   1.6885149646537075E-018   8.2639866411980030E-011
   6.5999998524785042        2.0546043739400464E-011   1.6889263485122070E-018   2.0546045428326814E-011
   6.7999998480081558        1.6080956827518080E-011   1.6890315882564462E-018   1.6080958516549669E-011
   6.9999998435378075        3.0590971557674402E-011   1.6893240599240633E-018   3.0590973246998464E-011
   7.1999998390674591        3.4583035889465011E-011   1.6890978697740954E-018   3.4583037578562878E-011
   7.3999998345971107        3.0943642965999040E-011   1.6889825576935872E-018   3.0943644654981599E-011
   7.5999998301267624        1.6055997509119796E-010   1.6863680684689463E-018   1.6055997677756603E-010
   7.7999998256564140        5.0561009533540373E-011   1.6890551384338381E-018   5.0561011222595511E-011
   7.9999998211860657        6.8326730010580969E-011   1.6884982542956858E-018   6.8326731699079227E-011
   8.1999998167157173        1.0218280050728626E-010   1.6889285383698087E-018   1.0218280219621479E-010
   8.3999998122453690        4.6446455932641236E-011   1.6891285927066523E-018   4.6446457621769832E-011
   8.5999998077750206        3.3337636467476293E-011   1.6892281956064310E-018   3.3337638156704486E-011
   8.7999998033046722        8.5116487839557103E-011   1.6889834962099677E-018   8.5116489528540593E-011
   8.9999997988343239        6.0381087005605056E-011   1.6887166228200773E-018   6.0381088694321677E-011
   9.1999997943639755        7.3869154482476462E-011   1.6886303327928370E-018   7.3869156171106798E-011
   9.3999997898936272        6.9391352311716523E-011   1.6888515495900985E-018   6.9391354000568078E-011
   9.5999997854232788        6.1455938734421478E-011   1.6887262519441032E-018   6.1455940423147728E-011
   9.7999997809529305        3.1344365405512213E-011   1.6891844590015301E-018   3.1344367094696670E-011
