   0.0000000000000000        94.372504889541190     
  0.19999999552965164        94.388357884125938     
  0.39999999105930328        94.399148619189091     
  0.59999998658895493        94.393162214028180     
  0.79999998211860657        94.404630400589667     
  0.99999997764825821        94.379183308129114     
   1.1999999731779099        94.397962184546344     
   1.3999999687075615        94.407376609477481     
   1.5999999642372131        94.387683817523637     
   1.7999999597668648        94.390759806623521     
   1.9999999552965164        94.400747902655738     
   2.1999999508261681        94.369727431947624     
   2.3999999463558197        94.399983930435354     
   2.5999999418854713        94.425753908926026     
   2.7999999374151230        94.407433331550948     
   2.9999999329447746        94.408792804250353     
   3.1999999284744263        94.404614551023471     
   3.3999999240040779        94.407420051009055     
   3.5999999195337296        94.400274870234313     
   3.7999999150633812        94.363306550245355     
   3.9999999105930328        94.388784536366089     
   4.1999999061226845        94.398788735804061     
   4.3999999016523361        94.358635860581003     
   4.5999998971819878        94.418915484224399     
   4.7999998927116394        94.389279059186535     
   4.9999998882412910        94.389506251560007     
   5.1999998837709427        94.391438804183764     
   5.3999998793005943        94.397389934735259     
   5.5999998748302460        94.399470061857400     
   5.7999998703598976        94.402801976689759     
   5.9999998658895493        94.355954533921846     
   6.1999998614192009        94.404646061215431     
   6.3999998569488525        94.366167092992924     
   6.5999998524785042        94.389158134673437     
   6.7999998480081558        94.395039676440959     
   6.9999998435378075        94.411385063265513     
   7.1999998390674591        94.398743956770474     
   7.3999998345971107        94.392299501562874     
   7.5999998301267624        94.246183339017705     
   7.7999998256564140        94.396355827035620     
   7.9999998211860657        94.365233199915110     
   8.1999998167157173        94.389280519415450     
   8.3999998122453690        94.400460971690649     
   8.5999998077750206        94.406027486693603     
   8.7999998033046722        94.392351952500789     
   8.9999997988343239        94.377437178613519     
   9.1999997943639755        94.372614681153053     
   9.3999997898936272        94.384977841498767     
   9.5999997854232788        94.377975322216514     
   9.7999997809529305        94.403583175655470     
