   0.0000000000000000       -7.4425618723381305E-018   1.6897713314477665E-018  -5.7527905408903638E-018
  0.24999999441206455       -7.4232223222758855E-018   1.6736961006374476E-018  -5.7495262216384382E-018
  0.49999998882412910       -7.4543858727758074E-018   1.7012083424872569E-018  -5.7531775302885507E-018
  0.74999998323619366       -7.4630360748862364E-018   1.7125968505723651E-018  -5.7504392243138711E-018
  0.99999997764825821       -7.4779006799826352E-018   1.7215697857616776E-018  -5.7563308942209573E-018
   1.2499999720603228       -7.4628349656336120E-018   1.7094429463769238E-018  -5.7533920192566885E-018
   1.4999999664723873       -7.4747867460231684E-018   1.7217754117794441E-018  -5.7530113342437245E-018
   1.7499999608844519       -7.4535102386544681E-018   1.6992082588608707E-018  -5.7543019797935976E-018
   1.9999999552965164       -7.4495666139723273E-018   1.6952418922270901E-018  -5.7543247217452373E-018
   2.2499999497085810       -7.4662863986880697E-018   1.7109844219003195E-018  -5.7553019767877504E-018
   2.4999999441206455       -7.4548890617953831E-018   1.7026720077512005E-018  -5.7522170540441830E-018
   2.7499999385327101       -7.4708856255092393E-018   1.7202479584900357E-018  -5.7506376670192034E-018
   2.9999999329447746       -7.4489049461563231E-018   1.6958011459558946E-018  -5.7531038002004286E-018
   3.2499999273568392       -7.4079462034130271E-018   1.6578086502000245E-018  -5.7501375532130031E-018
   3.4999999217689037       -7.4591125061497900E-018   1.7057635211497539E-018  -5.7533489850000364E-018
   3.7499999161809683       -7.4691174594264690E-018   1.7156089650240146E-018  -5.7535084944024548E-018
   3.9999999105930328       -7.4112122705660106E-018   1.6567998764493252E-018  -5.7544123941166858E-018
   4.2499999050050974       -7.4531318958913553E-018   1.7008216766007271E-018  -5.7523102192906278E-018
   4.4999998994171619       -7.4719404320677398E-018   1.7227284310506834E-018  -5.7492120010170564E-018
   4.7499998938292265       -7.4431626867960435E-018   1.6948753139696440E-018  -5.7482873728263996E-018
   4.9999998882412910       -7.4188158633872864E-018   1.6688917769101927E-018  -5.7499240864770937E-018
   5.2499998826533556       -7.4198632660242948E-018   1.6695175555886610E-018  -5.7503457104356340E-018
   5.4999998770654202       -7.4384465158351409E-018   1.6901385761525100E-018  -5.7483079396826309E-018
   5.7499998714774847       -7.3902325675389270E-018   1.6379211337794135E-018  -5.7523114337595135E-018
   5.9999998658895493       -7.4350107843532745E-018   1.6821546116509890E-018  -5.7528561727022853E-018
   6.2499998603016138       -7.4421007262071222E-018   1.6912779572117999E-018  -5.7508227689953226E-018
   6.4999998547136784       -7.4207345177297508E-018   1.6717589836654779E-018  -5.7489755340642731E-018
   6.7499998491257429       -7.4168002888597989E-018   1.6675759227783099E-018  -5.7492243660814888E-018
   6.9999998435378075       -7.4666934757652206E-018   1.7146149503265328E-018  -5.7520785254386881E-018
   7.2499998379498720       -7.4658827815886515E-018   1.7143115119156371E-018  -5.7515712696730147E-018
   7.4999998323619366       -7.4838740825387656E-018   1.7314285794364784E-018  -5.7524455031022868E-018
   7.7499998267740011       -7.4488018173936555E-018   1.6968179093969307E-018  -5.7519839079967250E-018
   7.9999998211860657       -7.4203945739221014E-018   1.6732689127963888E-018  -5.7471256611257126E-018
   8.2499998155981302       -7.4621666098863015E-018   1.7120691045387040E-018  -5.7500975053475976E-018
   8.4999998100101948       -7.4407207471331742E-018   1.6913294288244026E-018  -5.7493913183087720E-018
   8.7499998044222593       -7.4368020633404441E-018   1.6872995457495182E-018  -5.7495025175909261E-018
   8.9999997988343239       -7.3931033089016460E-018   1.6407330720041523E-018  -5.7523702368974939E-018
   9.2499997932463884       -7.4730245041645260E-018   1.7235935024852340E-018  -5.7494310016792922E-018
   9.4999997876584530       -7.4212710256453544E-018   1.6708891217537619E-018  -5.7503819038915923E-018
   9.7499997820705175       -7.4890064241133588E-018   1.7373466291727916E-018  -5.7516597949405668E-018
   9.9999997764825821       -7.4331599937614054E-018   1.6810652155342727E-018  -5.7520947782271329E-018
   10.249999770894647       -7.4242761878487981E-018   1.6720500006187939E-018  -5.7522261872300042E-018
   10.499999765306711       -7.3892283173154790E-018   1.6392542202720358E-018  -5.7499740970434435E-018
   10.749999759718776       -7.4035749369019524E-018   1.6524329689761063E-018  -5.7511419679258459E-018
   10.999999754130840       -7.4520580371732685E-018   1.7027777269567890E-018  -5.7492803102164799E-018
   11.249999748542905       -7.4522521345849910E-018   1.7004633270752079E-018  -5.7517888075097829E-018
   11.499999742954969       -7.4490448408622766E-018   1.6971940126763586E-018  -5.7518508281859179E-018
   11.749999737367034       -7.4604579967968705E-018   1.7059231549982211E-018  -5.7545348417986497E-018
   11.999999731779099       -7.4433810252647573E-018   1.6908755541448337E-018  -5.7525054711199236E-018
   12.249999726191163       -7.4335003459364747E-018   1.6797589401573148E-018  -5.7537414057791601E-018
   12.499999720603228       -7.3865180248687819E-018   1.6356307540175130E-018  -5.7508872708512689E-018
   12.749999715015292       -7.3722641890656286E-018   1.6217887613935179E-018  -5.7504754276721107E-018
   12.999999709427357       -7.4040642117963059E-018   1.6551530003117654E-018  -5.7489112114845409E-018
   13.249999703839421       -7.4844037009775804E-018   1.7335159329175506E-018  -5.7508877680600300E-018
   13.499999698251486       -7.4413631551646082E-018   1.6911977787611006E-018  -5.7501653764035078E-018
   13.749999692663550       -7.5349416187708413E-018   1.7854051343218458E-018  -5.7495364844489955E-018
   13.999999687075615       -7.4603055228959389E-018   1.7095069749633786E-018  -5.7507985479325601E-018
   14.249999681487679       -7.4071970612528030E-018   1.6523402762860792E-018  -5.7548567849667242E-018
   14.499999675899744       -7.4184725404590116E-018   1.6675528387836741E-018  -5.7509197016753377E-018
   14.749999670311809       -7.3893156052718922E-018   1.6390024952783549E-018  -5.7503131099935376E-018
   14.999999664723873       -7.4536391164311206E-018   1.6991202272213779E-018  -5.7545188892097425E-018
   15.249999659135938       -7.4146144604834586E-018   1.6595359150959383E-018  -5.7550785453875205E-018
   15.499999653548002       -7.4529127713214799E-018   1.7005649506760079E-018  -5.7523478206454715E-018
   15.749999647960067       -7.4749913759945903E-018   1.7230102682331050E-018  -5.7519811077614857E-018
   15.999999642372131       -7.4475791152185754E-018   1.6956690168827000E-018  -5.7519100983358751E-018
   16.249999636784196       -7.4053629997525429E-018   1.6558049489763651E-018  -5.7495580507761780E-018
   16.499999631196260       -7.4448928714329087E-018   1.6913466843789489E-018  -5.7535461870539600E-018
   16.749999625608325       -7.3702559289573222E-018   1.6166342040348182E-018  -5.7536217249225044E-018
   16.999999620020390       -7.4267288551929486E-018   1.6745835793188309E-018  -5.7521452758741179E-018
   17.249999614432454       -7.4356031433833266E-018   1.6844205560528763E-018  -5.7511825873304505E-018
   17.499999608844519       -7.4377511239114266E-018   1.6848473624311095E-018  -5.7529037614803171E-018
   17.749999603256583       -7.4670608070408877E-018   1.7170311759749938E-018  -5.7500296310658941E-018
   17.999999597668648       -7.4622669589540170E-018   1.7095036575271992E-018  -5.7527633014268182E-018
   18.249999592080712       -7.4419144005243844E-018   1.6934428229723448E-018  -5.7484715775520396E-018
   18.499999586492777       -7.4566457890694238E-018   1.7072356235842427E-018  -5.7494101654851809E-018
   18.749999580904841       -7.4315350186855441E-018   1.6844559592192530E-018  -5.7470790594662913E-018
   18.999999575316906       -7.4056502518026726E-018   1.6546787346486192E-018  -5.7509715171540536E-018
   19.249999569728971       -7.4265793069572133E-018   1.6764670652765698E-018  -5.7501122416806434E-018
   19.499999564141035       -7.4296683763404870E-018   1.6815506255092623E-018  -5.7481177508312249E-018
   19.749999558553100       -7.4446374425891460E-018   1.6951473123057325E-018  -5.7494901302834134E-018
   19.999999552965164       -7.4601129621741110E-018   1.7116079666070365E-018  -5.7485049955670745E-018
   20.249999547377229       -7.4167770998491918E-018   1.6654980067272089E-018  -5.7512790931219829E-018
   20.499999541789293       -7.4852373958669927E-018   1.7348833196111158E-018  -5.7503540762558765E-018
   20.749999536201358       -7.4495523423654861E-018   1.6999520057399485E-018  -5.7496003366255379E-018
   20.999999530613422       -7.4527945502120579E-018   1.7058924452629121E-018  -5.7469021049491462E-018
   21.249999525025487       -7.4019027438037923E-018   1.6522368974381632E-018  -5.7496658463656293E-018
   21.499999519437551       -7.4817647585377056E-018   1.7313773696281725E-018  -5.7503873889095333E-018
   21.749999513849616       -7.4082080894725911E-018   1.6542551869161566E-018  -5.7539529025564345E-018
   21.999999508261681       -7.3983651787969674E-018   1.6455900411662127E-018  -5.7527751376307546E-018
   22.249999502673745       -7.4249177793017236E-018   1.6731219638116943E-018  -5.7517958154900297E-018
   22.499999497085810       -7.4193572026898148E-018   1.6685822327655007E-018  -5.7507749699243145E-018
   22.749999491497874       -7.4712420371078108E-018   1.7155955080231719E-018  -5.7556465290846391E-018
   22.999999485909939       -7.4365908215396435E-018   1.6827327465034092E-018  -5.7538580750362339E-018
   23.249999480322003       -7.4427334259535907E-018   1.6887365098943490E-018  -5.7539969160592419E-018
   23.499999474734068       -7.5136704799749678E-018   1.7589150017346165E-018  -5.7547554782403510E-018
   23.749999469146132       -7.4395109886236354E-018   1.6866345960644029E-018  -5.7528763925592327E-018
   23.999999463558197       -7.4579103170569127E-018   1.7043786836890090E-018  -5.7535316333679033E-018
   24.249999457970262       -7.4126239272627297E-018   1.6606797404918915E-018  -5.7519441867708384E-018
   24.499999452382326       -7.4354255312192724E-018   1.6803187464652199E-018  -5.7551067847540527E-018
   24.749999446794391       -7.4024438365226183E-018   1.6490916794042960E-018  -5.7533521571183225E-018
   24.999999441206455       -7.4278016474377703E-018   1.6761864882954553E-018  -5.7516151591423152E-018
   25.249999435618520       -7.4565527740785097E-018   1.7046447629487480E-018  -5.7519080111297613E-018
   25.499999430030584       -7.4325780565643051E-018   1.6813943892452485E-018  -5.7511836673190568E-018
   25.749999424442649       -7.4575429595900543E-018   1.7076804710383488E-018  -5.7498624885517057E-018
   25.999999418854713       -7.4812777353508377E-018   1.7328912485213340E-018  -5.7483864868295040E-018
   26.249999413266778       -7.4492526550759887E-018   1.6977096129096602E-018  -5.7515430421663283E-018
   26.499999407678843       -7.4482491993899210E-018   1.6996492254033634E-018  -5.7485999739865578E-018
   26.749999402090907       -7.4992127578495902E-018   1.7480155470800920E-018  -5.7511972107694981E-018
   26.999999396502972       -7.4804048756330043E-018   1.7282993599450998E-018  -5.7521055156879043E-018
   27.249999390915036       -7.4671164437980175E-018   1.7138420536756985E-018  -5.7532743901223188E-018
   27.499999385327101       -7.4190454354899308E-018   1.6688944197284442E-018  -5.7501510157614868E-018
   27.749999379739165       -7.3765138347883877E-018   1.6268882756893437E-018  -5.7496255590990444E-018
   27.999999374151230       -7.4746478510525378E-018   1.7207693244048432E-018  -5.7538785266476948E-018
   28.249999368563294       -7.4545283460786749E-018   1.6993750201266153E-018  -5.7551533259520596E-018
   28.499999362975359       -7.4657072955290056E-018   1.7135923053210529E-018  -5.7521149902079528E-018
   28.749999357387424       -7.4905712183848845E-018   1.7391743967508341E-018  -5.7513968216340504E-018
   28.999999351799488       -7.3806783657967549E-018   1.6340452275722143E-018  -5.7466331382245406E-018
   29.249999346211553       -7.4271405828150298E-018   1.6780172185978456E-018  -5.7491233642171840E-018
   29.499999340623617       -7.3966569926128086E-018   1.6439080157753449E-018  -5.7527489768374640E-018
   29.749999335035682       -7.4394301494813930E-018   1.6858663515490464E-018  -5.7535637979323468E-018
   29.999999329447746       -7.4531199934834330E-018   1.7015923755004975E-018  -5.7515276179829355E-018
   30.249999323859811       -7.4666673805222598E-018   1.7169573545256959E-018  -5.7497100259965637E-018
   30.499999318271875       -7.4250016255938423E-018   1.6710192114290644E-018  -5.7539824141647779E-018
   30.749999312683940       -7.4232704265261834E-018   1.6714258433436899E-018  -5.7518445831824931E-018
   30.999999307096004       -7.4621498380834981E-018   1.7097879865782701E-018  -5.7523618515052280E-018
   31.249999301508069       -7.3887894567535390E-018   1.6364070759992027E-018  -5.7523823807543361E-018
   31.499999295920134       -7.4294870151497261E-018   1.6774122465859019E-018  -5.7520747685638246E-018
   31.749999290332198       -7.3957994476194955E-018   1.6456544364243710E-018  -5.7501450111951245E-018
   31.999999284744263       -7.4411841976773896E-018   1.6907306813292747E-018  -5.7504535163481153E-018
   32.249999279156327       -7.3962180842767250E-018   1.6458388503677110E-018  -5.7503792339090136E-018
   32.499999273568392       -7.4300441248325327E-018   1.6768351804046091E-018  -5.7532089444279237E-018
   32.749999267980456       -7.4577109498836613E-018   1.7058125700145175E-018  -5.7518983798691438E-018
   32.999999262392521       -7.4466676314857814E-018   1.6944836049432477E-018  -5.7521840265425335E-018
   33.249999256804585       -7.4353655779803892E-018   1.6838460728226685E-018  -5.7515195051577208E-018
   33.499999251216650       -7.4161465799654323E-018   1.6640974640680804E-018  -5.7520491158973517E-018
   33.749999245628715       -7.4822930642463846E-018   1.7308286932948409E-018  -5.7514643709515435E-018
   33.999999240040779       -7.4164767243250188E-018   1.6665763060204835E-018  -5.7499004183045349E-018
   34.249999234452844       -7.4581655502894852E-018   1.7059656922885048E-018  -5.7521998580009804E-018
   34.499999228864908       -7.4412285401651589E-018   1.6853514899079854E-018  -5.7558770502571735E-018
   34.749999223276973       -7.4220267057016021E-018   1.6669396627623040E-018  -5.7550870429392981E-018
   34.999999217689037       -7.4751837759129914E-018   1.7227077160013083E-018  -5.7524760599116833E-018
   35.249999212101102       -7.4380230389024640E-018   1.6908058335841125E-018  -5.7472172053183515E-018
   35.499999206513166       -7.4070790979420787E-018   1.6596510035836217E-018  -5.7474280943584572E-018
   35.749999200925231       -7.3689508137664716E-018   1.6230859172709369E-018  -5.7458648964955348E-018
   35.999999195337296       -7.5049355773141384E-018   1.7542858452823900E-018  -5.7506497320317485E-018
   36.249999189749360       -7.4265049505003899E-018   1.6783717593746225E-018  -5.7481331911257674E-018
   36.499999184161425       -7.4202654515056260E-018   1.6731271670383335E-018  -5.7471382844672922E-018
   36.749999178573489       -7.4359155760314340E-018   1.6875994525678884E-018  -5.7483161234635452E-018
   36.999999172985554       -7.4233142518525250E-018   1.6759225267269945E-018  -5.7473917251255306E-018
   37.249999167397618       -7.4061554027209419E-018   1.6535750375897087E-018  -5.7525803651312329E-018
   37.499999161809683       -7.4913643958011376E-018   1.7360151801483638E-018  -5.7553492156527743E-018
   37.749999156221747       -7.4577942824310801E-018   1.7044055952310489E-018  -5.7533886872000308E-018
   37.999999150633812       -7.4507331942063961E-018   1.6969577003548754E-018  -5.7537754938515208E-018
   38.249999145045877       -7.4681708006819852E-018   1.7147949739857055E-018  -5.7533758266962801E-018
   38.499999139457941       -7.4189674403161460E-018   1.6682949466752199E-018  -5.7506724936409261E-018
   38.749999133870006       -7.4352974465857764E-018   1.6848698442225163E-018  -5.7504276023632600E-018
   38.999999128282070       -7.4422141497747443E-018   1.6923168229489469E-018  -5.7498973268257976E-018
   39.249999122694135       -7.4448413770929777E-018   1.6938480490251874E-018  -5.7509933280677901E-018
   39.499999117106199       -7.4378578603492112E-018   1.6914848514458006E-018  -5.7463730089034106E-018
   39.749999111518264       -7.4147072757910117E-018   1.6629397635855858E-018  -5.7517675122054256E-018
   39.999999105930328       -7.4106896134020830E-018   1.6604714904260903E-018  -5.7502181229759927E-018
   40.249999100342393       -7.4750930949913129E-018   1.7231468599118368E-018  -5.7519462350794759E-018
   40.499999094754457       -7.4444720127637515E-018   1.6899458067890167E-018  -5.7545262059747348E-018
   40.749999089166522       -7.3902970821268927E-018   1.6371492667942524E-018  -5.7531478153326405E-018
   40.999999083578587       -7.4606264652534693E-018   1.7114826869374759E-018  -5.7491437783159938E-018
   41.249999077990651       -7.4221112373990574E-018   1.6722221852821947E-018  -5.7498890521168627E-018
   41.499999072402716       -7.4239322890247436E-018   1.6714389610744552E-018  -5.7524933279502887E-018
   41.749999066814780       -7.4542581180655401E-018   1.7026639405063462E-018  -5.7515941775591939E-018
   41.999999061226845       -7.4646334246532797E-018   1.7119265510602950E-018  -5.7527068735929847E-018
   42.249999055638909       -7.4390784982785819E-018   1.6890640547398991E-018  -5.7500144435386829E-018
   42.499999050050974       -7.4535943356112702E-018   1.7034211008206369E-018  -5.7501732347906331E-018
   42.749999044463038       -7.4502136694648001E-018   1.7010749028683452E-018  -5.7491387665964552E-018
   42.999999038875103       -7.4367885689161265E-018   1.6878556107373351E-018  -5.7489329581787914E-018
   43.249999033287168       -7.4773006153335505E-018   1.7257784592134726E-018  -5.7515221561200781E-018
   43.499999027699232       -7.4428531956425525E-018   1.6915362434008564E-018  -5.7513169522416957E-018
   43.749999022111297       -7.3728279352375303E-018   1.6219395247587273E-018  -5.7508884104788028E-018
   43.999999016523361       -7.5107673107133217E-018   1.7557134875740935E-018  -5.7550538231392282E-018
   44.249999010935426       -7.4286746163441003E-018   1.6767167021899590E-018  -5.7519579141541414E-018
   44.499999005347490       -7.4827936391242804E-018   1.7298329352131753E-018  -5.7529607039111056E-018
   44.749998999759555       -7.4066341710293267E-018   1.6552797907276169E-018  -5.7513543803017098E-018
   44.999998994171619       -7.4799078026683694E-018   1.7251605264362155E-018  -5.7547472762321538E-018
   45.249998988583684       -7.4661979119996561E-018   1.7112955380307891E-018  -5.7549023739688666E-018
   45.499998982995749       -7.4371339873191648E-018   1.6827084335631412E-018  -5.7544255537560234E-018
   45.749998977407813       -7.4240347258034955E-018   1.6704058429450735E-018  -5.7536288828584216E-018
   45.999998971819878       -7.4323366200646344E-018   1.6777710084898551E-018  -5.7545656115747794E-018
   46.249998966231942       -7.4569245265260076E-018   1.7045752113052537E-018  -5.7523493152207540E-018
   46.499998960644007       -7.4216531417278898E-018   1.6690813371691627E-018  -5.7525718045587273E-018
   46.749998955056071       -7.4220791006158445E-018   1.6732959989917722E-018  -5.7487831016240720E-018
   46.999998949468136       -7.4417735591317298E-018   1.6896365609801830E-018  -5.7521369981515472E-018
   47.249998943880200       -7.3775751626440564E-018   1.6285620876183457E-018  -5.7490130750257109E-018
   47.499998938292265       -7.4070911249720420E-018   1.6552315612358989E-018  -5.7518595637361431E-018
   47.749998932704329       -7.4428798904789935E-018   1.6913771706845862E-018  -5.7515027197944069E-018
   47.999998927116394       -7.4520599991551470E-018   1.7007314324227523E-018  -5.7513285667323944E-018
   48.249998921528459       -7.4519899501285329E-018   1.7005624499186043E-018  -5.7514275002099284E-018
   48.499998915940523       -7.3959303389408888E-018   1.6458913892348622E-018  -5.7500389497060271E-018
   48.749998910352588       -7.4164454333841265E-018   1.6665421863473589E-018  -5.7499032470367673E-018
   48.999998904764652       -7.3759291420725062E-018   1.6277526020016976E-018  -5.7481765400708089E-018
   49.249998899176717       -7.4328267065575870E-018   1.6829057223322017E-018  -5.7499209842253852E-018
   49.499998893588781       -7.4074161013533432E-018   1.6571023579365336E-018  -5.7503137434168093E-018
   49.749998888000846       -7.4214557516074780E-018   1.6687286348700877E-018  -5.7527271167373902E-018
