   0.0000000000000000        94.436381761681133     
  0.24999999441206455        93.537984087713184     
  0.49999998882412910        95.075562886746440     
  0.74999998323619366        95.712033323429608     
  0.99999997764825821        96.213504449901336     
   1.2499999720603228        95.535770834477759     
   1.4999999664723873        96.224996287141408     
   1.7499999608844519        94.963784057634172     
   1.9999999552965164        94.742115417230877     
   2.2499999497085810        95.621919396886483     
   2.4999999441206455        95.157362861136264     
   2.7499999385327101        96.139631386413612     
   2.9999999329447746        94.773370473848374     
   3.2499999273568392        92.650080910043101     
   3.4999999217689037        95.330138510772244     
   3.7499999161809683        95.880371597947587     
   3.9999999105930328        92.593703493016747     
   4.2499999050050974        95.053953260286946     
   4.4999998994171619        96.278257749239884     
   4.7499998938292265        94.721628429659575     
   4.9999998882412910        93.269484474084976     
   5.2499998826533556        93.304457415735911     
   5.4999998770654202        94.456905995044352     
   5.7499998714774847        91.538625733809639     
   5.9999998658895493        94.010705550282779     
   6.2499998603016138        94.520582672879186     
   6.4999998547136784        93.429724280911259     
   6.7499998491257429        93.195945231923318     
   6.9999998435378075        95.824819021275758     
   7.2499998379498720        95.807860735217034     
   7.4999998323619366        96.764483618417259     
   7.7499998267740011        94.830194411319695     
   7.9999998211860657        93.514109807630788     
   8.2499998155981302        95.682539139819966     
   8.4999998100101948        94.523459270894065     
   8.7499998044222593        94.298240882209100     
   8.9999997988343239        91.695776743972758     
   9.2499997932463884        96.326604063752356     
   9.4999997876584530        93.381110240629027     
   9.7499997820705175        97.095226124093614     
   9.9999997764825821        93.949822384819342     
   10.249999770894647        93.445988368004578     
   10.499999765306711        91.613128042255582     
   10.749999759718776        92.349649795582138     
   10.999999754130840        95.163271198597485     
   11.249999748542905        95.033926152496534     
   11.499999742954969        94.851213724534958     
   11.749999737367034        95.339059980071298     
   11.999999731779099        94.498093541393260     
   12.249999726191163        93.876818471278810     
   12.499999720603228        91.410623102004578     
   12.749999715015292        90.637034584165292     
   12.999999709427357        92.501664398290515     
   13.249999703839421        96.881139704682624     
   13.499999698251486        94.516101733571958     
   13.749999692663550        99.781075537376836     
   13.999999687075615        95.539349205066486     
   14.249999681487679        92.344469472008754     
   14.499999675899744        93.194655134920581     
   14.749999670311809        91.599059867964897     
   14.999999664723873        94.958864226554354     
   15.249999659135938        92.746612697556799     
   15.499999653548002        95.039605598574553     
   15.749999647960067        96.294008805763610     
   15.999999642372131        94.765986166063172     
   16.249999636784196        92.538099903990798     
   16.499999631196260        94.524423633412425     
   16.749999625608325        90.348961436349740     
   16.999999620020390        93.587582677771309     
   17.249999614432454        94.137342561223207     
   17.499999608844519        94.161195522463018     
   17.749999603256583        95.959854811926149     
   17.999999597668648        95.539163803252819     
   18.249999592080712        94.641570693933161     
   18.499999586492777        95.412410013968227     
   18.749999580904841        94.139321140734708     
   18.999999575316906        92.475159076305346     
   19.249999569728971        93.692845203911702     
   19.499999564141035        93.976950529826851     
   19.749999558553100        94.736829621813428     
   19.999999552965164        95.656767488384489     
   20.249999547377229        93.079816576040400     
   20.499999541789293        96.957558951125122     
   20.749999536201358        95.005349897283310     
   20.999999530613422        95.337343702706747     
   21.249999525025487        92.338691930298708     
   21.499999519437551        96.761621651879466     
   21.749999513849616        92.451488231255041     
   21.999999508261681        91.967218557108538     
   22.249999502673745        93.505897258299512     
   22.499999497085810        93.252184956406936     
   22.749999491497874        95.879619525495357     
   22.999999485909939        94.043015817723585     
   23.249999480322003        94.378548609079346     
   23.499999474734068        98.300619438159089     
   23.749999469146132        94.261078787464555     
   23.999999463558197        95.252743991947767     
   24.249999457970262        92.810537756380228     
   24.499999452382326        93.908104409927461     
   24.749999446794391        92.162914885534008     
   24.999999441206455        93.677164576356390     
   25.249999435618520        95.267614384221531     
   25.499999430030584        93.968218941594273     
   25.749999424442649        95.437271238217832     
   25.999999418854713        96.846227919268955     
   26.249999413266778        94.880029114855702     
   26.499999407678843        94.988428389074755     
   26.749999402090907        97.691480768569448     
   26.999999396502972        96.589600685440331     
   27.249999390915036        95.781624086066401     
   27.499999385327101        93.269632173474037     
   27.749999379739165        90.922031536047029     
   27.999999374151230        96.168769003824906     
   28.249999368563294        94.973103857456692     
   28.499999362975359        95.767666380355138     
   28.749999357387424        97.197374712816412     
   28.999999351799488        91.322012662299002     
   29.249999346211553        93.779478743085150     
   29.499999340623617        91.873215073330215     
   29.749999335035682        94.218143846512305     
   29.999999329447746        95.097025369611742     
   30.249999323859811        95.955729146850445     
   30.499999318271875        93.388380572425689     
   30.749999312683940        93.411106041849507     
   30.999999307096004        95.555054123033472     
   31.249999301508069        91.454009468945728     
   31.499999295920134        93.745668625223757     
   31.749999290332198        91.970817419907263     
   31.999999284744263        94.489997023087852     
   32.249999279156327        91.981123776294851     
   32.499999273568392        93.713418082689316     
   32.749999267980456        95.332879708490296     
   32.999999262392521        94.699736956850316     
   33.249999256804585        94.105236372276863     
   33.499999251216650        93.001544339572959     
   33.749999245628715        96.730957734985040     
   33.999999240040779        93.140079572469503     
   34.249999234452844        95.341437264920188     
   34.499999228864908        94.189369733953527     
   34.749999223276973        93.160386518946595     
   34.999999217689037        96.277100045665094     
   35.249999212101102        94.494197062996221     
   35.499999206513166        92.753044656814822     
   35.749999200925231        90.709528835526157     
   35.999999195337296        98.041909411647708     
   36.249999189749360        93.799292991038499     
   36.499999184161425        93.506188051431181     
   36.749999178573489        94.315001797881791     
   36.999999172985554        93.662412535659726     
   37.249999167397618        92.413476672973758     
   37.499999161809683        97.020815328959955     
   37.749999156221747        95.254247999389833     
   37.999999150633812        94.838006919453548     
   38.249999145045877        95.834880017510784     
   38.499999139457941        93.236129376346085     
   38.749999133870006        94.162451964087083     
   38.999999128282070        94.578641843091461     
   39.249999122694135        94.664217593850225     
   39.499999117106199        94.532145387018531     
   39.749999111518264        92.936843842709365     
   39.999999105930328        92.798899268763662     
   40.249999100342393        96.301642515531384     
   40.499999094754457        94.446132678641121     
   40.749999089166522        91.495488343605800     
   40.999999083578587        95.649765973752650     
   41.249999077990651        93.455611265673511     
   41.499999072402716        93.411839153488543     
   41.749999066814780        95.156912006395956     
   41.999999061226845        95.674572242490171     
   42.249999055638909        94.396854133325590     
   42.499999050050974        95.199227483741566     
   42.749999044463038        95.068105336390872     
   42.999999038875103        94.329317729411130     
   43.249999033287168        96.448714910279691     
   43.499999027699232        94.535017533205888     
   43.749999022111297        90.645460308076949     
   43.999999016523361        98.121696167387569     
   44.249999010935426        93.706796681496797     
   44.499999005347490        96.675307725665803     
   44.749998999759555        92.508750344117757     
   44.999998994171619        96.414180453119670     
   45.249998988583684        95.639306768255878     
   45.499998982995749        94.041657038540777     
   45.749998977407813        93.354101200278265     
   45.999998971819878        93.765718779639755     
   46.249998966231942        95.263727346114692     
   46.499998960644007        93.280078443014247     
   46.749998955056071        93.515623575937838     
   46.999998949468136        94.428849834082385     
   47.249998943880200        91.015575993443562     
   47.499998938292265        92.506054938764805     
   47.749998932704329        94.526127423945553     
   47.999998927116394        95.048909776896977     
   48.249998921528459        95.039465838551138     
   48.499998915940523        91.984060020047636     
   48.749998910352588        93.138172723645155     
   48.999998904764652        90.970336207857386     
   49.249998899176717        94.052682931314280     
   49.499998893588781        92.610608299406962     
   49.749998888000846        93.260366942207128     
